{"level":"info","message":"Database is connected"}
{"level":"info","message":"Database is connected"}
{"level":"info","message":"Database is connected"}
{"level":"info","message":"Database is connected"}
{"level":"info","message":"Database is connected"}
{"level":"info","message":"Database is connected"}
{"level":"info","message":"Database is connected"}
{"level":"info","message":"Database is connected"}
{"level":"info","message":"Database is connected"}
{"level":"info","message":"Database is connected"}
{"level":"info","message":"Database is connected"}
{"level":"info","message":"Database is connected"}
{"level":"info","message":"Database is connected"}
{"level":"info","message":"Database is connected"}
{"level":"info","message":"Database is connected"}
{"level":"info","message":"Database is connected"}
{"level":"info","message":"Database is connected"}
{"level":"info","message":"Database is connected"}
{"level":"info","message":"Database is connected"}
{"level":"info","message":"Database is connected"}
{"level":"info","message":"Database is connected"}
{"level":"info","message":"Database is connected"}
{"level":"info","message":"Database is connected"}
{"level":"info","message":"Database is connected"}
{"level":"info","message":"Database is connected"}
{"level":"info","message":"Database is connected"}
{"level":"info","message":"Database is connected"}
{"level":"info","message":"Database is connected"}
{"level":"info","message":"Database is connected"}
{"level":"info","message":"Database is connected"}
{"level":"info","message":"Database is connected"}
{"level":"info","message":"Database is connected"}
{"level":"info","message":"Database is connected"}
{"level":"info","message":"Database is connected"}
{"level":"info","message":"Database is connected"}
{"level":"info","message":"Database is connected"}
{"level":"info","message":"Database is connected"}
{"level":"info","message":"Database is connected"}
{"level":"info","message":"Database is connected"}
{"level":"info","message":"Database is connected"}
{"level":"info","message":"Database is connected"}
{"level":"info","message":"Database is connected"}
{"level":"info","message":"Database is connected"}
{"level":"info","message":"Database is connected"}
{"level":"info","message":"Database is connected"}
{"level":"info","message":"Database is connected"}
{"level":"info","message":"Database is connected"}
{"level":"info","message":"Database is connected"}
{"level":"info","message":"Database is connected"}
{"level":"info","message":"Database is connected"}
{"level":"info","message":"Database is connected"}
{"level":"info","message":"Database is connected"}
{"level":"info","message":"Database is connected"}
{"level":"info","message":"Database is connected"}
{"level":"info","message":"Database is connected"}
{"level":"info","message":"Database is connected"}
{"level":"info","message":"Database is connected"}
{"level":"info","message":"Database is connected"}
{"level":"info","message":"Database is connected"}
{"level":"info","message":"Database is connected"}
{"level":"info","message":"Database is connected"}
{"level":"info","message":"Database is connected"}
{"level":"info","message":"Database is connected"}
{"level":"info","message":"Database is connected"}
{"level":"info","message":"Database is connected"}
{"level":"info","message":"Database is connected"}
{"level":"info","message":"Database is connected"}
{"level":"info","message":"Database is connected"}
{"level":"info","message":"Database is connected"}
{"level":"info","message":"Database is connected"}
{"level":"info","message":"Database is connected"}
{"level":"info","message":"Database is connected"}
{"level":"info","message":"Database is connected"}
{"level":"info","message":"Database is connected"}
{"level":"info","message":"Database is connected"}
{"level":"info","message":"Database is connected"}
{"level":"info","message":"Database is connected"}
{"level":"info","message":"Database is connected"}
{"level":"info","message":"Database is connected"}
{"level":"info","message":"Database is connected"}
{"level":"info","message":"Database is connected"}
{"level":"info","message":"Database is connected"}
{"level":"info","message":"Database is connected"}
{"level":"info","message":"Database is connected"}
{"level":"info","message":"Database is connected"}
{"level":"info","message":"Database is connected"}
{"level":"info","message":"Database is connected"}
{"level":"info","message":"Database is connected"}
{"level":"info","message":"Database is connected"}
{"level":"info","message":"Database is connected"}
{"level":"info","message":"Database is connected"}
{"level":"info","message":"Database is connected"}
{"level":"info","message":"Database is connected"}
{"level":"info","message":"Database is connected"}
{"level":"info","message":"Database is connected"}
{"level":"info","message":"Database is connected"}
{"level":"info","message":"Database is connected"}
{"level":"info","message":"Database is connected"}
{"level":"info","message":"Database is connected"}
{"level":"info","message":"Database is connected"}
{"level":"error","message":"products is not defined products is not defined","stack":"ReferenceError: products is not defined\n    at C:\\Users\\janna\\OneDrive\\Desktop\\lokki\\localization-service-master@d86c53362bc\\server-sequelize\\routes\\default.routes.js:11:31\n    at newFn (C:\\Users\\janna\\OneDrive\\Desktop\\lokki\\localization-service-master@d86c53362bc\\server-sequelize\\node_modules\\express-async-errors\\index.js:16:20)\n    at Layer.handle [as handle_request] (C:\\Users\\janna\\OneDrive\\Desktop\\lokki\\localization-service-master@d86c53362bc\\server-sequelize\\node_modules\\express\\lib\\router\\layer.js:95:5)\n    at next (C:\\Users\\janna\\OneDrive\\Desktop\\lokki\\localization-service-master@d86c53362bc\\server-sequelize\\node_modules\\express\\lib\\router\\route.js:137:13)\n    at Route.dispatch (C:\\Users\\janna\\OneDrive\\Desktop\\lokki\\localization-service-master@d86c53362bc\\server-sequelize\\node_modules\\express\\lib\\router\\route.js:112:3)\n    at newFn (C:\\Users\\janna\\OneDrive\\Desktop\\lokki\\localization-service-master@d86c53362bc\\server-sequelize\\node_modules\\express-async-errors\\index.js:16:20)\n    at Layer.handle [as handle_request] (C:\\Users\\janna\\OneDrive\\Desktop\\lokki\\localization-service-master@d86c53362bc\\server-sequelize\\node_modules\\express\\lib\\router\\layer.js:95:5)\n    at C:\\Users\\janna\\OneDrive\\Desktop\\lokki\\localization-service-master@d86c53362bc\\server-sequelize\\node_modules\\express\\lib\\router\\index.js:281:22\n    at Function.process_params (C:\\Users\\janna\\OneDrive\\Desktop\\lokki\\localization-service-master@d86c53362bc\\server-sequelize\\node_modules\\express\\lib\\router\\index.js:341:12)\n    at next (C:\\Users\\janna\\OneDrive\\Desktop\\lokki\\localization-service-master@d86c53362bc\\server-sequelize\\node_modules\\express\\lib\\router\\index.js:275:10)"}
{"level":"info","message":"Database is connected"}
{"level":"error","message":"products is not defined products is not defined","stack":"ReferenceError: products is not defined\n    at C:\\Users\\janna\\OneDrive\\Desktop\\lokki\\localization-service-master@d86c53362bc\\server-sequelize\\routes\\default.routes.js:11:31\n    at newFn (C:\\Users\\janna\\OneDrive\\Desktop\\lokki\\localization-service-master@d86c53362bc\\server-sequelize\\node_modules\\express-async-errors\\index.js:16:20)\n    at Layer.handle [as handle_request] (C:\\Users\\janna\\OneDrive\\Desktop\\lokki\\localization-service-master@d86c53362bc\\server-sequelize\\node_modules\\express\\lib\\router\\layer.js:95:5)\n    at next (C:\\Users\\janna\\OneDrive\\Desktop\\lokki\\localization-service-master@d86c53362bc\\server-sequelize\\node_modules\\express\\lib\\router\\route.js:137:13)\n    at Route.dispatch (C:\\Users\\janna\\OneDrive\\Desktop\\lokki\\localization-service-master@d86c53362bc\\server-sequelize\\node_modules\\express\\lib\\router\\route.js:112:3)\n    at newFn (C:\\Users\\janna\\OneDrive\\Desktop\\lokki\\localization-service-master@d86c53362bc\\server-sequelize\\node_modules\\express-async-errors\\index.js:16:20)\n    at Layer.handle [as handle_request] (C:\\Users\\janna\\OneDrive\\Desktop\\lokki\\localization-service-master@d86c53362bc\\server-sequelize\\node_modules\\express\\lib\\router\\layer.js:95:5)\n    at C:\\Users\\janna\\OneDrive\\Desktop\\lokki\\localization-service-master@d86c53362bc\\server-sequelize\\node_modules\\express\\lib\\router\\index.js:281:22\n    at Function.process_params (C:\\Users\\janna\\OneDrive\\Desktop\\lokki\\localization-service-master@d86c53362bc\\server-sequelize\\node_modules\\express\\lib\\router\\index.js:341:12)\n    at next (C:\\Users\\janna\\OneDrive\\Desktop\\lokki\\localization-service-master@d86c53362bc\\server-sequelize\\node_modules\\express\\lib\\router\\index.js:275:10)"}
{"level":"info","message":"Database is connected"}
{"level":"error","message":"products is not defined products is not defined","stack":"ReferenceError: products is not defined\n    at C:\\Users\\janna\\OneDrive\\Desktop\\lokki\\localization-service-master@d86c53362bc\\server-sequelize\\routes\\default.routes.js:12:31\n    at newFn (C:\\Users\\janna\\OneDrive\\Desktop\\lokki\\localization-service-master@d86c53362bc\\server-sequelize\\node_modules\\express-async-errors\\index.js:16:20)\n    at Layer.handle [as handle_request] (C:\\Users\\janna\\OneDrive\\Desktop\\lokki\\localization-service-master@d86c53362bc\\server-sequelize\\node_modules\\express\\lib\\router\\layer.js:95:5)\n    at next (C:\\Users\\janna\\OneDrive\\Desktop\\lokki\\localization-service-master@d86c53362bc\\server-sequelize\\node_modules\\express\\lib\\router\\route.js:137:13)\n    at Route.dispatch (C:\\Users\\janna\\OneDrive\\Desktop\\lokki\\localization-service-master@d86c53362bc\\server-sequelize\\node_modules\\express\\lib\\router\\route.js:112:3)\n    at newFn (C:\\Users\\janna\\OneDrive\\Desktop\\lokki\\localization-service-master@d86c53362bc\\server-sequelize\\node_modules\\express-async-errors\\index.js:16:20)\n    at Layer.handle [as handle_request] (C:\\Users\\janna\\OneDrive\\Desktop\\lokki\\localization-service-master@d86c53362bc\\server-sequelize\\node_modules\\express\\lib\\router\\layer.js:95:5)\n    at C:\\Users\\janna\\OneDrive\\Desktop\\lokki\\localization-service-master@d86c53362bc\\server-sequelize\\node_modules\\express\\lib\\router\\index.js:281:22\n    at Function.process_params (C:\\Users\\janna\\OneDrive\\Desktop\\lokki\\localization-service-master@d86c53362bc\\server-sequelize\\node_modules\\express\\lib\\router\\index.js:341:12)\n    at next (C:\\Users\\janna\\OneDrive\\Desktop\\lokki\\localization-service-master@d86c53362bc\\server-sequelize\\node_modules\\express\\lib\\router\\index.js:275:10)"}
{"level":"info","message":"Database is connected"}
{"level":"info","message":"Database is connected"}
{"level":"info","message":"Database is connected"}
{"errors":[{"instance":{"createdAt":"2022-02-23T22:33:31.763Z","id":"1","updatedAt":"2022-02-23T22:33:31.763Z"},"message":"product.name cannot be null","origin":"CORE","path":"name","type":"notNull Violation","validatorArgs":[],"validatorKey":"is_null","validatorName":null,"value":null}],"level":"error","message":"notNull Violation: product.name cannot be null notNull Violation: product.name cannot be null","name":"SequelizeValidationError","stack":"SequelizeValidationError: notNull Violation: product.name cannot be null\n    at InstanceValidator._validate (C:\\Users\\janna\\OneDrive\\Desktop\\lokki\\localization-service-master@d86c53362bc\\server-sequelize\\node_modules\\sequelize\\lib\\instance-validator.js:50:13)\n    at processTicksAndRejections (internal/process/task_queues.js:95:5)\n    at async InstanceValidator._validateAndRunHooks (C:\\Users\\janna\\OneDrive\\Desktop\\lokki\\localization-service-master@d86c53362bc\\server-sequelize\\node_modules\\sequelize\\lib\\instance-validator.js:60:7)\n    at async InstanceValidator.validate (C:\\Users\\janna\\OneDrive\\Desktop\\lokki\\localization-service-master@d86c53362bc\\server-sequelize\\node_modules\\sequelize\\lib\\instance-validator.js:54:12)\n    at async model.save (C:\\Users\\janna\\OneDrive\\Desktop\\lokki\\localization-service-master@d86c53362bc\\server-sequelize\\node_modules\\sequelize\\lib\\model.js:2353:7)\n    at async Function.create (C:\\Users\\janna\\OneDrive\\Desktop\\lokki\\localization-service-master@d86c53362bc\\server-sequelize\\node_modules\\sequelize\\lib\\model.js:1329:12)\n    at async C:\\Users\\janna\\OneDrive\\Desktop\\lokki\\localization-service-master@d86c53362bc\\server-sequelize\\routes\\default.routes.js:9:5"}
{"level":"info","message":"Database is connected"}
{"level":"info","message":"Database is connected"}
{"errors":[{"instance":{"createdAt":"2022-02-23T22:35:43.203Z","id":"1","updatedAt":"2022-02-23T22:35:43.203Z"},"message":"product.name cannot be null","origin":"CORE","path":"name","type":"notNull Violation","validatorArgs":[],"validatorKey":"is_null","validatorName":null,"value":null}],"level":"error","message":"notNull Violation: product.name cannot be null notNull Violation: product.name cannot be null","name":"SequelizeValidationError","stack":"SequelizeValidationError: notNull Violation: product.name cannot be null\n    at InstanceValidator._validate (C:\\Users\\janna\\OneDrive\\Desktop\\lokki\\localization-service-master@d86c53362bc\\server-sequelize\\node_modules\\sequelize\\lib\\instance-validator.js:50:13)\n    at processTicksAndRejections (internal/process/task_queues.js:95:5)\n    at async InstanceValidator._validateAndRunHooks (C:\\Users\\janna\\OneDrive\\Desktop\\lokki\\localization-service-master@d86c53362bc\\server-sequelize\\node_modules\\sequelize\\lib\\instance-validator.js:60:7)\n    at async InstanceValidator.validate (C:\\Users\\janna\\OneDrive\\Desktop\\lokki\\localization-service-master@d86c53362bc\\server-sequelize\\node_modules\\sequelize\\lib\\instance-validator.js:54:12)\n    at async model.save (C:\\Users\\janna\\OneDrive\\Desktop\\lokki\\localization-service-master@d86c53362bc\\server-sequelize\\node_modules\\sequelize\\lib\\model.js:2353:7)\n    at async Function.create (C:\\Users\\janna\\OneDrive\\Desktop\\lokki\\localization-service-master@d86c53362bc\\server-sequelize\\node_modules\\sequelize\\lib\\model.js:1329:12)\n    at async C:\\Users\\janna\\OneDrive\\Desktop\\lokki\\localization-service-master@d86c53362bc\\server-sequelize\\routes\\default.routes.js:9:5"}
{"level":"info","message":"Database is connected"}
{"level":"info","message":"Database is connected"}
{"errors":[{"instance":{"apiKey":"1112aaa","createdAt":"2022-02-23T22:36:33.710Z","id":"1","updatedAt":"2022-02-23T22:36:33.710Z"},"message":"organization.name cannot be null","origin":"CORE","path":"name","type":"notNull Violation","validatorArgs":[],"validatorKey":"is_null","validatorName":null,"value":null}],"level":"error","message":"notNull Violation: organization.name cannot be null notNull Violation: organization.name cannot be null","name":"SequelizeValidationError","stack":"SequelizeValidationError: notNull Violation: organization.name cannot be null\n    at InstanceValidator._validate (C:\\Users\\janna\\OneDrive\\Desktop\\lokki\\localization-service-master@d86c53362bc\\server-sequelize\\node_modules\\sequelize\\lib\\instance-validator.js:50:13)\n    at processTicksAndRejections (internal/process/task_queues.js:95:5)\n    at async InstanceValidator._validateAndRunHooks (C:\\Users\\janna\\OneDrive\\Desktop\\lokki\\localization-service-master@d86c53362bc\\server-sequelize\\node_modules\\sequelize\\lib\\instance-validator.js:60:7)\n    at async InstanceValidator.validate (C:\\Users\\janna\\OneDrive\\Desktop\\lokki\\localization-service-master@d86c53362bc\\server-sequelize\\node_modules\\sequelize\\lib\\instance-validator.js:54:12)\n    at async model.save (C:\\Users\\janna\\OneDrive\\Desktop\\lokki\\localization-service-master@d86c53362bc\\server-sequelize\\node_modules\\sequelize\\lib\\model.js:2353:7)\n    at async Function.create (C:\\Users\\janna\\OneDrive\\Desktop\\lokki\\localization-service-master@d86c53362bc\\server-sequelize\\node_modules\\sequelize\\lib\\model.js:1329:12)\n    at async C:\\Users\\janna\\OneDrive\\Desktop\\lokki\\localization-service-master@d86c53362bc\\server-sequelize\\routes\\default.routes.js:9:5"}
{"level":"info","message":"Database is connected"}
{"errors":[{"instance":{"apiKey":"1112aaa","createdAt":"2022-02-23T22:37:46.202Z","id":"1","name":"eduix","updatedAt":"2022-02-23T22:37:46.202Z"},"message":"PRIMARY must be unique","origin":"DB","path":"PRIMARY","type":"unique violation","validatorArgs":[],"validatorKey":"not_unique","validatorName":null,"value":"1"}],"fields":{"PRIMARY":"1"},"level":"error","message":"Validation error Validation error","name":"SequelizeUniqueConstraintError","original":{"code":"ER_DUP_ENTRY","errno":1062,"parameters":["1","eduix","1112aaa","2022-02-23 22:37:46","2022-02-23 22:37:46"],"sql":"INSERT INTO `organizations` (`id`,`name`,`apiKey`,`createdAt`,`updatedAt`) VALUES (?,?,?,?,?);","sqlMessage":"Duplicate entry '1' for key 'organizations.PRIMARY'","sqlState":"23000"},"parent":{"code":"ER_DUP_ENTRY","errno":1062,"parameters":["1","eduix","1112aaa","2022-02-23 22:37:46","2022-02-23 22:37:46"],"sql":"INSERT INTO `organizations` (`id`,`name`,`apiKey`,`createdAt`,`updatedAt`) VALUES (?,?,?,?,?);","sqlMessage":"Duplicate entry '1' for key 'organizations.PRIMARY'","sqlState":"23000"},"sql":"INSERT INTO `organizations` (`id`,`name`,`apiKey`,`createdAt`,`updatedAt`) VALUES (?,?,?,?,?);","stack":"Error\n    at Query.run (C:\\Users\\janna\\OneDrive\\Desktop\\lokki\\localization-service-master@d86c53362bc\\server-sequelize\\node_modules\\sequelize\\lib\\dialects\\mysql\\query.js:52:25)\n    at C:\\Users\\janna\\OneDrive\\Desktop\\lokki\\localization-service-master@d86c53362bc\\server-sequelize\\node_modules\\sequelize\\lib\\sequelize.js:313:28\n    at processTicksAndRejections (internal/process/task_queues.js:95:5)\n    at async MySQLQueryInterface.insert (C:\\Users\\janna\\OneDrive\\Desktop\\lokki\\localization-service-master@d86c53362bc\\server-sequelize\\node_modules\\sequelize\\lib\\dialects\\abstract\\query-interface.js:297:21)\n    at async model.save (C:\\Users\\janna\\OneDrive\\Desktop\\lokki\\localization-service-master@d86c53362bc\\server-sequelize\\node_modules\\sequelize\\lib\\model.js:2417:35)\n    at async Function.create (C:\\Users\\janna\\OneDrive\\Desktop\\lokki\\localization-service-master@d86c53362bc\\server-sequelize\\node_modules\\sequelize\\lib\\model.js:1329:12)\n    at async C:\\Users\\janna\\OneDrive\\Desktop\\lokki\\localization-service-master@d86c53362bc\\server-sequelize\\routes\\default.routes.js:9:5"}
{"level":"info","message":"Database is connected"}
{"level":"info","message":"Database is connected"}
{"errors":[{"instance":{"createdAt":"2022-02-23T22:38:07.299Z","id":"5","updatedAt":"2022-02-23T22:38:07.299Z"},"message":"organization.name cannot be null","origin":"CORE","path":"name","type":"notNull Violation","validatorArgs":[],"validatorKey":"is_null","validatorName":null,"value":null},{"instance":{"createdAt":"2022-02-23T22:38:07.299Z","id":"5","updatedAt":"2022-02-23T22:38:07.299Z"},"message":"organization.apiKey cannot be null","origin":"CORE","path":"apiKey","type":"notNull Violation","validatorArgs":[],"validatorKey":"is_null","validatorName":null,"value":null}],"level":"error","message":"notNull Violation: organization.name cannot be null,\nnotNull Violation: organization.apiKey cannot be null notNull Violation: organization.name cannot be null,\nnotNull Violation: organization.apiKey cannot be null","name":"SequelizeValidationError","stack":"SequelizeValidationError: notNull Violation: organization.name cannot be null,\nnotNull Violation: organization.apiKey cannot be null\n    at InstanceValidator._validate (C:\\Users\\janna\\OneDrive\\Desktop\\lokki\\localization-service-master@d86c53362bc\\server-sequelize\\node_modules\\sequelize\\lib\\instance-validator.js:50:13)\n    at processTicksAndRejections (internal/process/task_queues.js:95:5)\n    at async InstanceValidator._validateAndRunHooks (C:\\Users\\janna\\OneDrive\\Desktop\\lokki\\localization-service-master@d86c53362bc\\server-sequelize\\node_modules\\sequelize\\lib\\instance-validator.js:60:7)\n    at async InstanceValidator.validate (C:\\Users\\janna\\OneDrive\\Desktop\\lokki\\localization-service-master@d86c53362bc\\server-sequelize\\node_modules\\sequelize\\lib\\instance-validator.js:54:12)\n    at async model.save (C:\\Users\\janna\\OneDrive\\Desktop\\lokki\\localization-service-master@d86c53362bc\\server-sequelize\\node_modules\\sequelize\\lib\\model.js:2353:7)\n    at async Function.create (C:\\Users\\janna\\OneDrive\\Desktop\\lokki\\localization-service-master@d86c53362bc\\server-sequelize\\node_modules\\sequelize\\lib\\model.js:1329:12)\n    at async C:\\Users\\janna\\OneDrive\\Desktop\\lokki\\localization-service-master@d86c53362bc\\server-sequelize\\routes\\default.routes.js:9:5"}
{"level":"info","message":"Database is connected"}
{"level":"info","message":"Database is connected"}
{"level":"info","message":"Database is connected"}
{"level":"info","message":"Database is connected"}
{"level":"info","message":"Database is connected"}
{"level":"info","message":"Database is connected"}
{"level":"info","message":"Database is connected"}
{"level":"info","message":"Database is connected"}
{"level":"info","message":"Database is connected"}
{"level":"info","message":"Database is connected"}
{"level":"info","message":"Database is connected"}
{"level":"info","message":"Database is connected"}
{"level":"info","message":"Database is connected"}
{"level":"info","message":"Database is connected"}
{"level":"info","message":"Database is connected"}
{"level":"info","message":"Database is connected"}
{"level":"info","message":"Database is connected"}
{"level":"info","message":"Database is connected"}
{"level":"info","message":"Database is connected"}
{"level":"info","message":"Database is connected"}
{"level":"error","message":"model is not defined model is not defined","stack":"ReferenceError: model is not defined\n    at C:\\Users\\janna\\OneDrive\\Desktop\\lokki\\localization-service-master@d86c53362bc\\server-sequelize\\routes\\product.routes.js:12:19\n    at newFn (C:\\Users\\janna\\OneDrive\\Desktop\\lokki\\localization-service-master@d86c53362bc\\server-sequelize\\node_modules\\express-async-errors\\index.js:16:20)\n    at Layer.handle [as handle_request] (C:\\Users\\janna\\OneDrive\\Desktop\\lokki\\localization-service-master@d86c53362bc\\server-sequelize\\node_modules\\express\\lib\\router\\layer.js:95:5)\n    at next (C:\\Users\\janna\\OneDrive\\Desktop\\lokki\\localization-service-master@d86c53362bc\\server-sequelize\\node_modules\\express\\lib\\router\\route.js:137:13)\n    at Route.dispatch (C:\\Users\\janna\\OneDrive\\Desktop\\lokki\\localization-service-master@d86c53362bc\\server-sequelize\\node_modules\\express\\lib\\router\\route.js:112:3)\n    at newFn (C:\\Users\\janna\\OneDrive\\Desktop\\lokki\\localization-service-master@d86c53362bc\\server-sequelize\\node_modules\\express-async-errors\\index.js:16:20)\n    at Layer.handle [as handle_request] (C:\\Users\\janna\\OneDrive\\Desktop\\lokki\\localization-service-master@d86c53362bc\\server-sequelize\\node_modules\\express\\lib\\router\\layer.js:95:5)\n    at C:\\Users\\janna\\OneDrive\\Desktop\\lokki\\localization-service-master@d86c53362bc\\server-sequelize\\node_modules\\express\\lib\\router\\index.js:281:22\n    at param (C:\\Users\\janna\\OneDrive\\Desktop\\lokki\\localization-service-master@d86c53362bc\\server-sequelize\\node_modules\\express\\lib\\router\\index.js:360:14)\n    at param (C:\\Users\\janna\\OneDrive\\Desktop\\lokki\\localization-service-master@d86c53362bc\\server-sequelize\\node_modules\\express\\lib\\router\\index.js:371:14)"}
{"level":"info","message":"Database is connected"}
{"level":"info","message":"Database is connected"}
{"level":"info","message":"Database is connected"}
{"level":"info","message":"Database is connected"}
{"level":"info","message":"Database is connected"}
{"level":"info","message":"Database is connected"}
{"level":"info","message":"Database is connected"}
{"level":"info","message":"Database is connected"}
{"level":"info","message":"Database is connected"}
{"level":"info","message":"Database is connected"}
{"level":"info","message":"Database is connected"}
{"level":"info","message":"Database is connected"}
{"level":"info","message":"Database is connected"}
{"level":"info","message":"Database is connected"}
{"level":"info","message":"Database is connected"}
{"level":"info","message":"Database is connected"}
{"level":"info","message":"Database is connected"}
{"level":"info","message":"Database is connected"}
{"level":"info","message":"Database is connected"}
{"level":"info","message":"Database is connected"}
{"level":"info","message":"Database is connected"}
{"level":"info","message":"Database is connected"}
{"level":"info","message":"Database is connected"}
{"level":"info","message":"Database is connected"}
{"level":"info","message":"Database is connected"}
{"level":"info","message":"Database is connected"}
{"level":"info","message":"Database is connected"}
{"level":"info","message":"Database is connected"}
{"level":"info","message":"Database is connected"}
{"level":"info","message":"Database is connected"}
{"level":"info","message":"Database is connected"}
{"level":"info","message":"Database is connected"}
{"level":"info","message":"Database is connected"}
{"level":"info","message":"Database is connected"}
{"level":"info","message":"Database is connected"}
{"level":"info","message":"Database is connected"}
{"level":"info","message":"Database is connected"}
{"level":"info","message":"Database is connected"}
{"level":"info","message":"Database is connected"}
{"level":"info","message":"Database is connected"}
{"level":"info","message":"Database is connected"}
{"level":"info","message":"Database is connected"}
{"level":"info","message":"Database is connected"}
{"level":"info","message":"Database is connected"}
{"level":"info","message":"Database is connected"}
{"level":"info","message":"Database is connected"}
{"level":"info","message":"Database is connected"}
{"level":"info","message":"Database is connected"}
{"level":"info","message":"Database is connected"}
{"level":"info","message":"Database is connected"}
{"level":"info","message":"Database is connected"}
{"level":"info","message":"Database is connected"}
{"level":"info","message":"Database is connected"}
{"level":"info","message":"Database is connected"}
{"level":"info","message":"Database is connected"}
{"level":"info","message":"Database is connected"}
{"level":"info","message":"Database is connected"}
{"level":"info","message":"Database is connected"}
{"level":"info","message":"Database is connected"}
{"level":"info","message":"Database is connected"}
{"level":"info","message":"Database is connected"}
{"level":"info","message":"Database is connected"}
{"level":"info","message":"Database is connected"}
{"level":"info","message":"Database is connected"}
{"level":"info","message":"Database is connected"}
{"level":"info","message":"Database is connected"}
{"level":"info","message":"Database is connected"}
{"errors":[{"instance":{"apiKey":"g58i4f","createdAt":"2022-02-24T14:00:07.222Z","id":null,"name":"abc","updatedAt":"2022-02-24T14:00:07.222Z"},"message":"organizations_name must be unique","origin":"DB","path":"organizations_name","type":"unique violation","validatorArgs":[],"validatorKey":"not_unique","validatorName":null,"value":"abc"}],"fields":{"organizations_name":"abc"},"level":"error","message":"Validation error Validation error","name":"SequelizeUniqueConstraintError","original":{"code":"ER_DUP_ENTRY","errno":1062,"parameters":["abc","g58i4f","2022-02-24 14:00:07","2022-02-24 14:00:07"],"sql":"INSERT INTO `organizations` (`id`,`name`,`apiKey`,`createdAt`,`updatedAt`) VALUES (DEFAULT,?,?,?,?);","sqlMessage":"Duplicate entry 'abc' for key 'organizations.organizations_name'","sqlState":"23000"},"parent":{"code":"ER_DUP_ENTRY","errno":1062,"parameters":["abc","g58i4f","2022-02-24 14:00:07","2022-02-24 14:00:07"],"sql":"INSERT INTO `organizations` (`id`,`name`,`apiKey`,`createdAt`,`updatedAt`) VALUES (DEFAULT,?,?,?,?);","sqlMessage":"Duplicate entry 'abc' for key 'organizations.organizations_name'","sqlState":"23000"},"sql":"INSERT INTO `organizations` (`id`,`name`,`apiKey`,`createdAt`,`updatedAt`) VALUES (DEFAULT,?,?,?,?);","stack":"Error\n    at Query.run (C:\\Users\\janna\\OneDrive\\Desktop\\lokki\\localization-service\\server\\node_modules\\sequelize\\lib\\dialects\\mysql\\query.js:52:25)\n    at C:\\Users\\janna\\OneDrive\\Desktop\\lokki\\localization-service\\server\\node_modules\\sequelize\\lib\\sequelize.js:313:28\n    at processTicksAndRejections (internal/process/task_queues.js:95:5)\n    at async MySQLQueryInterface.insert (C:\\Users\\janna\\OneDrive\\Desktop\\lokki\\localization-service\\server\\node_modules\\sequelize\\lib\\dialects\\abstract\\query-interface.js:297:21)\n    at async model.save (C:\\Users\\janna\\OneDrive\\Desktop\\lokki\\localization-service\\server\\node_modules\\sequelize\\lib\\model.js:2417:35)\n    at async Function.create (C:\\Users\\janna\\OneDrive\\Desktop\\lokki\\localization-service\\server\\node_modules\\sequelize\\lib\\model.js:1329:12)\n    at async C:\\Users\\janna\\OneDrive\\Desktop\\lokki\\localization-service\\server\\routes\\organization.routes.js:30:24"}
{"level":"info","message":"Database is connected"}
{"level":"info","message":"Database is connected"}
{"level":"info","message":"Database is connected"}
{"level":"info","message":"Database is connected"}
{"level":"info","message":"Database is connected"}
{"level":"info","message":"Database is connected"}
{"level":"info","message":"Database is connected"}
{"level":"info","message":"Database is connected"}
{"level":"error","message":"Include unexpected. Element has to be either a Model, an Association or an object. Include unexpected. Element has to be either a Model, an Association or an object.","stack":"Error: Include unexpected. Element has to be either a Model, an Association or an object.\n    at Function._conformInclude (C:\\Users\\janna\\OneDrive\\Desktop\\lokki\\localization-service\\server\\node_modules\\sequelize\\lib\\model.js:323:11)\n    at C:\\Users\\janna\\OneDrive\\Desktop\\lokki\\localization-service\\server\\node_modules\\sequelize\\lib\\model.js:270:61\n    at Array.map (<anonymous>)\n    at Function._conformIncludes (C:\\Users\\janna\\OneDrive\\Desktop\\lokki\\localization-service\\server\\node_modules\\sequelize\\lib\\model.js:270:39)\n    at Function._baseMerge (C:\\Users\\janna\\OneDrive\\Desktop\\lokki\\localization-service\\server\\node_modules\\sequelize\\lib\\model.js:622:10)\n    at Function._defaultsOptions (C:\\Users\\janna\\OneDrive\\Desktop\\lokki\\localization-service\\server\\node_modules\\sequelize\\lib\\model.js:653:17)\n    at Function._injectScope (C:\\Users\\janna\\OneDrive\\Desktop\\lokki\\localization-service\\server\\node_modules\\sequelize\\lib\\model.js:1986:10)\n    at Function.findAll (C:\\Users\\janna\\OneDrive\\Desktop\\lokki\\localization-service\\server\\node_modules\\sequelize\\lib\\model.js:1090:10)\n    at C:\\Users\\janna\\OneDrive\\Desktop\\lokki\\localization-service\\server\\routes\\locale_value.routes.js:10:47\n    at newFn (C:\\Users\\janna\\OneDrive\\Desktop\\lokki\\localization-service\\server\\node_modules\\express-async-errors\\index.js:16:20)"}
{"level":"info","message":"Database is connected"}
{"level":"info","message":"Database is connected"}
{"level":"info","message":"Database is connected"}
{"level":"error","message":"Include unexpected. Element has to be either a Model, an Association or an object. Include unexpected. Element has to be either a Model, an Association or an object.","stack":"Error: Include unexpected. Element has to be either a Model, an Association or an object.\n    at Function._conformInclude (C:\\Users\\janna\\OneDrive\\Desktop\\lokki\\localization-service\\server\\node_modules\\sequelize\\lib\\model.js:323:11)\n    at C:\\Users\\janna\\OneDrive\\Desktop\\lokki\\localization-service\\server\\node_modules\\sequelize\\lib\\model.js:270:61\n    at Array.map (<anonymous>)\n    at Function._conformIncludes (C:\\Users\\janna\\OneDrive\\Desktop\\lokki\\localization-service\\server\\node_modules\\sequelize\\lib\\model.js:270:39)\n    at Function._baseMerge (C:\\Users\\janna\\OneDrive\\Desktop\\lokki\\localization-service\\server\\node_modules\\sequelize\\lib\\model.js:622:10)\n    at Function._defaultsOptions (C:\\Users\\janna\\OneDrive\\Desktop\\lokki\\localization-service\\server\\node_modules\\sequelize\\lib\\model.js:653:17)\n    at Function._injectScope (C:\\Users\\janna\\OneDrive\\Desktop\\lokki\\localization-service\\server\\node_modules\\sequelize\\lib\\model.js:1986:10)\n    at Function.findAll (C:\\Users\\janna\\OneDrive\\Desktop\\lokki\\localization-service\\server\\node_modules\\sequelize\\lib\\model.js:1090:10)\n    at C:\\Users\\janna\\OneDrive\\Desktop\\lokki\\localization-service\\server\\routes\\locale_key.routes.js:10:43\n    at newFn (C:\\Users\\janna\\OneDrive\\Desktop\\lokki\\localization-service\\server\\node_modules\\express-async-errors\\index.js:16:20)"}
{"level":"info","message":"Database is connected"}
{"level":"error","message":"Include unexpected. Element has to be either a Model, an Association or an object. Include unexpected. Element has to be either a Model, an Association or an object.","stack":"Error: Include unexpected. Element has to be either a Model, an Association or an object.\n    at Function._conformInclude (C:\\Users\\janna\\OneDrive\\Desktop\\lokki\\localization-service\\server\\node_modules\\sequelize\\lib\\model.js:323:11)\n    at C:\\Users\\janna\\OneDrive\\Desktop\\lokki\\localization-service\\server\\node_modules\\sequelize\\lib\\model.js:270:61\n    at Array.map (<anonymous>)\n    at Function._conformIncludes (C:\\Users\\janna\\OneDrive\\Desktop\\lokki\\localization-service\\server\\node_modules\\sequelize\\lib\\model.js:270:39)\n    at Function._conformInclude (C:\\Users\\janna\\OneDrive\\Desktop\\lokki\\localization-service\\server\\node_modules\\sequelize\\lib\\model.js:314:16)\n    at C:\\Users\\janna\\OneDrive\\Desktop\\lokki\\localization-service\\server\\node_modules\\sequelize\\lib\\model.js:270:61\n    at Array.map (<anonymous>)\n    at Function._conformIncludes (C:\\Users\\janna\\OneDrive\\Desktop\\lokki\\localization-service\\server\\node_modules\\sequelize\\lib\\model.js:270:39)\n    at Function._baseMerge (C:\\Users\\janna\\OneDrive\\Desktop\\lokki\\localization-service\\server\\node_modules\\sequelize\\lib\\model.js:622:10)\n    at Function._defaultsOptions (C:\\Users\\janna\\OneDrive\\Desktop\\lokki\\localization-service\\server\\node_modules\\sequelize\\lib\\model.js:653:17)"}
{"level":"info","message":"Database is connected"}
{"level":"info","message":"Database is connected"}
{"level":"error","message":"Include unexpected. Element has to be either a Model, an Association or an object. Include unexpected. Element has to be either a Model, an Association or an object.","stack":"Error: Include unexpected. Element has to be either a Model, an Association or an object.\n    at Function._conformInclude (C:\\Users\\janna\\OneDrive\\Desktop\\lokki\\localization-service\\server\\node_modules\\sequelize\\lib\\model.js:323:11)\n    at C:\\Users\\janna\\OneDrive\\Desktop\\lokki\\localization-service\\server\\node_modules\\sequelize\\lib\\model.js:270:61\n    at Array.map (<anonymous>)\n    at Function._conformIncludes (C:\\Users\\janna\\OneDrive\\Desktop\\lokki\\localization-service\\server\\node_modules\\sequelize\\lib\\model.js:270:39)\n    at Function._baseMerge (C:\\Users\\janna\\OneDrive\\Desktop\\lokki\\localization-service\\server\\node_modules\\sequelize\\lib\\model.js:622:10)\n    at Function._defaultsOptions (C:\\Users\\janna\\OneDrive\\Desktop\\lokki\\localization-service\\server\\node_modules\\sequelize\\lib\\model.js:653:17)\n    at Function._injectScope (C:\\Users\\janna\\OneDrive\\Desktop\\lokki\\localization-service\\server\\node_modules\\sequelize\\lib\\model.js:1986:10)\n    at Function.findAll (C:\\Users\\janna\\OneDrive\\Desktop\\lokki\\localization-service\\server\\node_modules\\sequelize\\lib\\model.js:1090:10)\n    at C:\\Users\\janna\\OneDrive\\Desktop\\lokki\\localization-service\\server\\routes\\locale_key.routes.js:10:43\n    at newFn (C:\\Users\\janna\\OneDrive\\Desktop\\lokki\\localization-service\\server\\node_modules\\express-async-errors\\index.js:16:20)"}
{"level":"info","message":"Database is connected"}
{"level":"error","message":"Include unexpected. Element has to be either a Model, an Association or an object. Include unexpected. Element has to be either a Model, an Association or an object.","stack":"Error: Include unexpected. Element has to be either a Model, an Association or an object.\n    at Function._conformInclude (C:\\Users\\janna\\OneDrive\\Desktop\\lokki\\localization-service\\server\\node_modules\\sequelize\\lib\\model.js:323:11)\n    at C:\\Users\\janna\\OneDrive\\Desktop\\lokki\\localization-service\\server\\node_modules\\sequelize\\lib\\model.js:270:61\n    at Array.map (<anonymous>)\n    at Function._conformIncludes (C:\\Users\\janna\\OneDrive\\Desktop\\lokki\\localization-service\\server\\node_modules\\sequelize\\lib\\model.js:270:39)\n    at Function._baseMerge (C:\\Users\\janna\\OneDrive\\Desktop\\lokki\\localization-service\\server\\node_modules\\sequelize\\lib\\model.js:622:10)\n    at Function._defaultsOptions (C:\\Users\\janna\\OneDrive\\Desktop\\lokki\\localization-service\\server\\node_modules\\sequelize\\lib\\model.js:653:17)\n    at Function._injectScope (C:\\Users\\janna\\OneDrive\\Desktop\\lokki\\localization-service\\server\\node_modules\\sequelize\\lib\\model.js:1986:10)\n    at Function.findAll (C:\\Users\\janna\\OneDrive\\Desktop\\lokki\\localization-service\\server\\node_modules\\sequelize\\lib\\model.js:1090:10)\n    at C:\\Users\\janna\\OneDrive\\Desktop\\lokki\\localization-service\\server\\routes\\locale_key.routes.js:10:43\n    at newFn (C:\\Users\\janna\\OneDrive\\Desktop\\lokki\\localization-service\\server\\node_modules\\express-async-errors\\index.js:16:20)"}
{"level":"info","message":"Database is connected"}
{"level":"info","message":"Database is connected"}
{"level":"info","message":"Database is connected"}
{"level":"error","message":"Cannot read property 'findAll' of undefined Cannot read property 'findAll' of undefined","stack":"TypeError: Cannot read property 'findAll' of undefined\n    at C:\\Users\\janna\\OneDrive\\Desktop\\lokki\\localization-service\\server\\routes\\locale_key.routes.js:10:44\n    at newFn (C:\\Users\\janna\\OneDrive\\Desktop\\lokki\\localization-service\\server\\node_modules\\express-async-errors\\index.js:16:20)\n    at Layer.handle [as handle_request] (C:\\Users\\janna\\OneDrive\\Desktop\\lokki\\localization-service\\server\\node_modules\\express\\lib\\router\\layer.js:95:5)\n    at next (C:\\Users\\janna\\OneDrive\\Desktop\\lokki\\localization-service\\server\\node_modules\\express\\lib\\router\\route.js:137:13)\n    at Route.dispatch (C:\\Users\\janna\\OneDrive\\Desktop\\lokki\\localization-service\\server\\node_modules\\express\\lib\\router\\route.js:112:3)\n    at newFn (C:\\Users\\janna\\OneDrive\\Desktop\\lokki\\localization-service\\server\\node_modules\\express-async-errors\\index.js:16:20)\n    at Layer.handle [as handle_request] (C:\\Users\\janna\\OneDrive\\Desktop\\lokki\\localization-service\\server\\node_modules\\express\\lib\\router\\layer.js:95:5)\n    at C:\\Users\\janna\\OneDrive\\Desktop\\lokki\\localization-service\\server\\node_modules\\express\\lib\\router\\index.js:281:22\n    at Function.process_params (C:\\Users\\janna\\OneDrive\\Desktop\\lokki\\localization-service\\server\\node_modules\\express\\lib\\router\\index.js:341:12)\n    at next (C:\\Users\\janna\\OneDrive\\Desktop\\lokki\\localization-service\\server\\node_modules\\express\\lib\\router\\index.js:275:10)"}
{"level":"info","message":"Database is connected"}
{"level":"info","message":"Database is connected"}
{"level":"info","message":"Database is connected"}
{"level":"error","message":"include.model.getTableName is not a function include.model.getTableName is not a function","stack":"TypeError: include.model.getTableName is not a function\n    at Function._validateIncludedElement (C:\\Users\\janna\\OneDrive\\Desktop\\lokki\\localization-service\\server\\node_modules\\sequelize\\lib\\model.js:476:30)\n    at C:\\Users\\janna\\OneDrive\\Desktop\\lokki\\localization-service\\server\\node_modules\\sequelize\\lib\\model.js:421:37\n    at Array.map (<anonymous>)\n    at Function._validateIncludedElements (C:\\Users\\janna\\OneDrive\\Desktop\\lokki\\localization-service\\server\\node_modules\\sequelize\\lib\\model.js:417:39)\n    at Function.findAll (C:\\Users\\janna\\OneDrive\\Desktop\\lokki\\localization-service\\server\\node_modules\\sequelize\\lib\\model.js:1103:12)\n    at processTicksAndRejections (internal/process/task_queues.js:95:5)\n    at async C:\\Users\\janna\\OneDrive\\Desktop\\lokki\\localization-service\\server\\routes\\organization.routes.js:10:25"}
{"level":"info","message":"Database is connected"}
{"level":"info","message":"Database is connected"}
{"level":"info","message":"Database is connected"}
{"level":"info","message":"Database is connected"}
{"level":"info","message":"Database is connected"}
{"level":"info","message":"Database is connected"}
{"level":"info","message":"Database is connected"}
{"level":"info","message":"Database is connected"}
{"level":"info","message":"Database is connected"}
{"level":"info","message":"Database is connected"}
{"level":"info","message":"Database is connected"}
{"level":"info","message":"Database is connected"}
{"level":"info","message":"Database is connected"}
{"level":"info","message":"Database is connected"}
{"level":"info","message":"Database is connected"}
{"level":"info","message":"Database is connected"}
{"level":"info","message":"Database is connected"}
{"level":"info","message":"Database is connected"}
{"level":"info","message":"Database is connected"}
{"level":"info","message":"Database is connected"}
{"level":"info","message":"Database is connected"}
{"level":"info","message":"Database is connected"}
{"level":"info","message":"Database is connected"}
{"level":"info","message":"Database is connected"}
{"level":"info","message":"Database is connected"}
{"level":"info","message":"Database is connected"}
{"level":"info","message":"Database is connected"}
{"level":"info","message":"Database is connected"}
{"level":"info","message":"Database is connected"}
{"level":"info","message":"Database is connected"}
{"level":"info","message":"Database is connected"}
{"level":"info","message":"Database is connected"}
{"level":"info","message":"Database is connected"}
{"level":"info","message":"Database is connected"}
{"level":"info","message":"Database is connected"}
{"level":"info","message":"Database is connected"}
{"level":"info","message":"Database is connected"}
{"level":"info","message":"Database is connected"}
{"level":"info","message":"Database is connected"}
{"level":"info","message":"Database is connected"}
{"level":"info","message":"Database is connected"}
{"level":"info","message":"Database is connected"}
{"level":"info","message":"Database is connected"}
{"level":"info","message":"Database is connected"}
{"level":"info","message":"Database is connected"}
{"level":"info","message":"Database is connected"}
{"level":"error","message":"isProductExist is not defined isProductExist is not defined","stack":"ReferenceError: isProductExist is not defined\n    at C:\\Users\\janna\\OneDrive\\Desktop\\lokki\\localization-service\\server\\routes\\organization_product.routes.js:49:24\n    at processTicksAndRejections (internal/process/task_queues.js:95:5)"}
{"level":"info","message":"Database is connected"}
{"level":"info","message":"Database is connected"}
{"level":"info","message":"Database is connected"}
{"level":"info","message":"Database is connected"}
{"level":"error","message":"isProductExist is not defined isProductExist is not defined","stack":"ReferenceError: isProductExist is not defined\n    at C:\\Users\\janna\\OneDrive\\Desktop\\lokki\\localization-service\\server\\routes\\organization_product.routes.js:50:24\n    at processTicksAndRejections (internal/process/task_queues.js:95:5)"}
{"level":"error","message":"isProductExist is not defined isProductExist is not defined","stack":"ReferenceError: isProductExist is not defined\n    at C:\\Users\\janna\\OneDrive\\Desktop\\lokki\\localization-service\\server\\routes\\organization_product.routes.js:50:24\n    at processTicksAndRejections (internal/process/task_queues.js:95:5)"}
{"level":"info","message":"Database is connected"}
{"level":"info","message":"Database is connected"}
{"level":"info","message":"Database is connected"}
{"level":"info","message":"Database is connected"}
{"level":"info","message":"Database is connected"}
{"level":"info","message":"Database is connected"}
{"level":"info","message":"Database is connected"}
{"level":"info","message":"Database is connected"}
{"level":"info","message":"Database is connected"}
{"level":"info","message":"Database is connected"}
{"level":"info","message":"Database is connected"}
{"level":"info","message":"Database is connected"}
{"level":"info","message":"Database is connected"}
{"level":"info","message":"Database is connected"}
{"level":"info","message":"Database is connected"}
{"level":"info","message":"Database is connected"}
{"level":"info","message":"Database is connected"}
{"level":"info","message":"Database is connected"}
{"level":"info","message":"Database is connected"}
{"level":"info","message":"Database is connected"}
{"level":"info","message":"Database is connected"}
{"level":"info","message":"Database is connected"}
{"level":"info","message":"Database is connected"}
{"level":"info","message":"Database is connected"}
{"level":"info","message":"Database is connected"}
{"level":"info","message":"Database is connected"}
{"level":"info","message":"Database is connected"}
{"errors":[{"instance":{"apiKey":"ru1fw","createdAt":"2022-02-26T10:31:18.698Z","id":null,"name":"abc","updatedAt":"2022-02-26T10:31:18.698Z"},"message":"organizations_name must be unique","origin":"DB","path":"organizations_name","type":"unique violation","validatorArgs":[],"validatorKey":"not_unique","validatorName":null,"value":"abc"}],"fields":{"organizations_name":"abc"},"level":"error","message":"Validation error Validation error","name":"SequelizeUniqueConstraintError","original":{"code":"ER_DUP_ENTRY","errno":1062,"parameters":["abc","ru1fw","2022-02-26 10:31:18","2022-02-26 10:31:18"],"sql":"INSERT INTO `organizations` (`id`,`name`,`apiKey`,`createdAt`,`updatedAt`) VALUES (DEFAULT,?,?,?,?);","sqlMessage":"Duplicate entry 'abc' for key 'organizations.organizations_name'","sqlState":"23000"},"parent":{"code":"ER_DUP_ENTRY","errno":1062,"parameters":["abc","ru1fw","2022-02-26 10:31:18","2022-02-26 10:31:18"],"sql":"INSERT INTO `organizations` (`id`,`name`,`apiKey`,`createdAt`,`updatedAt`) VALUES (DEFAULT,?,?,?,?);","sqlMessage":"Duplicate entry 'abc' for key 'organizations.organizations_name'","sqlState":"23000"},"sql":"INSERT INTO `organizations` (`id`,`name`,`apiKey`,`createdAt`,`updatedAt`) VALUES (DEFAULT,?,?,?,?);","stack":"Error\n    at Query.run (C:\\Users\\janna\\OneDrive\\Desktop\\lokki\\localization-service\\server\\node_modules\\sequelize\\lib\\dialects\\mysql\\query.js:52:25)\n    at C:\\Users\\janna\\OneDrive\\Desktop\\lokki\\localization-service\\server\\node_modules\\sequelize\\lib\\sequelize.js:313:28\n    at processTicksAndRejections (internal/process/task_queues.js:95:5)\n    at async MySQLQueryInterface.insert (C:\\Users\\janna\\OneDrive\\Desktop\\lokki\\localization-service\\server\\node_modules\\sequelize\\lib\\dialects\\abstract\\query-interface.js:297:21)\n    at async model.save (C:\\Users\\janna\\OneDrive\\Desktop\\lokki\\localization-service\\server\\node_modules\\sequelize\\lib\\model.js:2417:35)\n    at async Function.create (C:\\Users\\janna\\OneDrive\\Desktop\\lokki\\localization-service\\server\\node_modules\\sequelize\\lib\\model.js:1329:12)\n    at async C:\\Users\\janna\\OneDrive\\Desktop\\lokki\\localization-service\\server\\routes\\organization.routes.js:50:24"}
{"level":"info","message":"Database is connected"}
{"level":"info","message":"Database is connected"}
{"level":"info","message":"Database is connected"}
{"level":"info","message":"Database is connected"}
{"errors":[{"instance":{"apiKey":"u7d3f","createdAt":"2022-02-26T10:42:58.873Z","id":null,"name":"abcde","updatedAt":"2022-02-26T10:42:58.873Z"},"message":"organizations_name must be unique","origin":"DB","path":"organizations_name","type":"unique violation","validatorArgs":[],"validatorKey":"not_unique","validatorName":null,"value":"abcde"}],"fields":{"organizations_name":"abcde"},"level":"error","message":"Validation error Validation error","name":"SequelizeUniqueConstraintError","original":{"code":"ER_DUP_ENTRY","errno":1062,"parameters":["abcde","u7d3f","2022-02-26 10:42:58","2022-02-26 10:42:58"],"sql":"INSERT INTO `organizations` (`id`,`name`,`apiKey`,`createdAt`,`updatedAt`) VALUES (DEFAULT,?,?,?,?);","sqlMessage":"Duplicate entry 'abcde' for key 'organizations.organizations_name'","sqlState":"23000"},"parent":{"code":"ER_DUP_ENTRY","errno":1062,"parameters":["abcde","u7d3f","2022-02-26 10:42:58","2022-02-26 10:42:58"],"sql":"INSERT INTO `organizations` (`id`,`name`,`apiKey`,`createdAt`,`updatedAt`) VALUES (DEFAULT,?,?,?,?);","sqlMessage":"Duplicate entry 'abcde' for key 'organizations.organizations_name'","sqlState":"23000"},"sql":"INSERT INTO `organizations` (`id`,`name`,`apiKey`,`createdAt`,`updatedAt`) VALUES (DEFAULT,?,?,?,?);","stack":"Error\n    at Query.run (C:\\Users\\janna\\OneDrive\\Desktop\\lokki\\localization-service\\server\\node_modules\\sequelize\\lib\\dialects\\mysql\\query.js:52:25)\n    at C:\\Users\\janna\\OneDrive\\Desktop\\lokki\\localization-service\\server\\node_modules\\sequelize\\lib\\sequelize.js:313:28\n    at processTicksAndRejections (internal/process/task_queues.js:95:5)\n    at async MySQLQueryInterface.insert (C:\\Users\\janna\\OneDrive\\Desktop\\lokki\\localization-service\\server\\node_modules\\sequelize\\lib\\dialects\\abstract\\query-interface.js:297:21)\n    at async model.save (C:\\Users\\janna\\OneDrive\\Desktop\\lokki\\localization-service\\server\\node_modules\\sequelize\\lib\\model.js:2417:35)\n    at async Function.create (C:\\Users\\janna\\OneDrive\\Desktop\\lokki\\localization-service\\server\\node_modules\\sequelize\\lib\\model.js:1329:12)\n    at async C:\\Users\\janna\\OneDrive\\Desktop\\lokki\\localization-service\\server\\routes\\organization.routes.js:51:24"}
{"level":"info","message":"Database is connected"}
{"level":"info","message":"Database is connected"}
{"level":"info","message":"Database is connected"}
{"level":"info","message":"Database is connected"}
{"level":"info","message":"Database is connected"}
{"level":"info","message":"Database is connected"}
{"level":"info","message":"Database is connected"}
{"level":"info","message":"Database is connected"}
{"level":"info","message":"Database is connected"}
{"level":"info","message":"Database is connected"}
{"level":"info","message":"Database is connected"}
{"level":"info","message":"Database is connected"}
{"level":"info","message":"Database is connected"}
{"level":"info","message":"Database is connected"}
{"level":"info","message":"Database is connected"}
{"level":"info","message":"Database is connected"}
{"level":"info","message":"Database is connected"}
{"level":"info","message":"Database is connected"}
{"level":"info","message":"Database is connected"}
{"level":"info","message":"Database is connected"}
{"level":"info","message":"Database is connected"}
{"level":"info","message":"Database is connected"}
{"level":"info","message":"Database is connected"}
{"level":"info","message":"Database is connected"}
{"level":"info","message":"Database is connected"}
{"level":"info","message":"Database is connected"}
{"level":"info","message":"Database is connected"}
{"level":"info","message":"Database is connected"}
{"level":"info","message":"Database is connected"}
{"level":"info","message":"Database is connected"}
{"level":"info","message":"Database is connected"}
{"level":"info","message":"Database is connected"}
{"level":"info","message":"Database is connected"}
{"level":"info","message":"Database is connected"}
{"level":"info","message":"Database is connected"}
{"level":"info","message":"Database is connected"}
{"level":"info","message":"Database is connected"}
{"level":"info","message":"Database is connected"}
{"level":"info","message":"Database is connected"}
{"level":"info","message":"Database is connected"}
{"level":"info","message":"Database is connected"}
{"level":"info","message":"Database is connected"}
{"level":"info","message":"Database is connected"}
{"level":"info","message":"Database is connected"}
{"level":"info","message":"Database is connected"}
{"level":"info","message":"Database is connected"}
{"level":"error","message":"orgId is not defined orgId is not defined","stack":"ReferenceError: orgId is not defined\n    at C:\\Users\\janna\\OneDrive\\Desktop\\lokki\\localization-service\\server\\routes\\locale_key.routes.js:19:30\n    at processTicksAndRejections (internal/process/task_queues.js:95:5)"}
{"level":"info","message":"Database is connected"}
{"level":"info","message":"Database is connected"}
{"level":"info","message":"Database is connected"}
{"level":"error","message":"Association with alias \"locale_value\" does not exist on localization Association with alias \"locale_value\" does not exist on localization","stack":"Error: Association with alias \"locale_value\" does not exist on localization\n    at Function._transformStringAssociation (C:\\Users\\janna\\OneDrive\\Desktop\\lokki\\localization-service\\server\\node_modules\\sequelize\\lib\\model.js:275:15)\n    at Function._conformInclude (C:\\Users\\janna\\OneDrive\\Desktop\\lokki\\localization-service\\server\\node_modules\\sequelize\\lib\\model.js:286:22)\n    at C:\\Users\\janna\\OneDrive\\Desktop\\lokki\\localization-service\\server\\node_modules\\sequelize\\lib\\model.js:270:61\n    at Array.map (<anonymous>)\n    at Function._conformIncludes (C:\\Users\\janna\\OneDrive\\Desktop\\lokki\\localization-service\\server\\node_modules\\sequelize\\lib\\model.js:270:39)\n    at Function._baseMerge (C:\\Users\\janna\\OneDrive\\Desktop\\lokki\\localization-service\\server\\node_modules\\sequelize\\lib\\model.js:622:10)\n    at Function._defaultsOptions (C:\\Users\\janna\\OneDrive\\Desktop\\lokki\\localization-service\\server\\node_modules\\sequelize\\lib\\model.js:653:17)\n    at Function._injectScope (C:\\Users\\janna\\OneDrive\\Desktop\\lokki\\localization-service\\server\\node_modules\\sequelize\\lib\\model.js:1986:10)\n    at Function.findAll (C:\\Users\\janna\\OneDrive\\Desktop\\lokki\\localization-service\\server\\node_modules\\sequelize\\lib\\model.js:1090:10)\n    at C:\\Users\\janna\\OneDrive\\Desktop\\lokki\\localization-service\\server\\routes\\locale_key.routes.js:18:46"}
{"level":"error","message":"include.model.getTableName is not a function include.model.getTableName is not a function","stack":"TypeError: include.model.getTableName is not a function\n    at Function._validateIncludedElement (C:\\Users\\janna\\OneDrive\\Desktop\\lokki\\localization-service\\server\\node_modules\\sequelize\\lib\\model.js:476:30)\n    at C:\\Users\\janna\\OneDrive\\Desktop\\lokki\\localization-service\\server\\node_modules\\sequelize\\lib\\model.js:421:37\n    at Array.map (<anonymous>)\n    at Function._validateIncludedElements (C:\\Users\\janna\\OneDrive\\Desktop\\lokki\\localization-service\\server\\node_modules\\sequelize\\lib\\model.js:417:39)\n    at Function.findAll (C:\\Users\\janna\\OneDrive\\Desktop\\lokki\\localization-service\\server\\node_modules\\sequelize\\lib\\model.js:1103:12)\n    at processTicksAndRejections (internal/process/task_queues.js:95:5)\n    at async C:\\Users\\janna\\OneDrive\\Desktop\\lokki\\localization-service\\server\\routes\\locale_key.routes.js:18:24"}
{"level":"info","message":"Database is connected"}
{"level":"info","message":"Database is connected"}
{"level":"error","message":"include.model.getTableName is not a function include.model.getTableName is not a function","stack":"TypeError: include.model.getTableName is not a function\n    at Function._validateIncludedElement (C:\\Users\\janna\\OneDrive\\Desktop\\lokki\\localization-service\\server\\node_modules\\sequelize\\lib\\model.js:476:30)\n    at C:\\Users\\janna\\OneDrive\\Desktop\\lokki\\localization-service\\server\\node_modules\\sequelize\\lib\\model.js:421:37\n    at Array.map (<anonymous>)\n    at Function._validateIncludedElements (C:\\Users\\janna\\OneDrive\\Desktop\\lokki\\localization-service\\server\\node_modules\\sequelize\\lib\\model.js:417:39)\n    at Function.findAll (C:\\Users\\janna\\OneDrive\\Desktop\\lokki\\localization-service\\server\\node_modules\\sequelize\\lib\\model.js:1103:12)\n    at processTicksAndRejections (internal/process/task_queues.js:95:5)\n    at async C:\\Users\\janna\\OneDrive\\Desktop\\lokki\\localization-service\\server\\routes\\locale_key.routes.js:18:24"}
{"level":"info","message":"Database is connected"}
{"level":"info","message":"Database is connected"}
{"level":"info","message":"Database is connected"}
{"level":"info","message":"Database is connected"}
{"level":"error","message":"include.model.getTableName is not a function include.model.getTableName is not a function","stack":"TypeError: include.model.getTableName is not a function\n    at Function._validateIncludedElement (C:\\Users\\janna\\OneDrive\\Desktop\\lokki\\localization-service\\server\\node_modules\\sequelize\\lib\\model.js:476:30)\n    at C:\\Users\\janna\\OneDrive\\Desktop\\lokki\\localization-service\\server\\node_modules\\sequelize\\lib\\model.js:421:37\n    at Array.map (<anonymous>)\n    at Function._validateIncludedElements (C:\\Users\\janna\\OneDrive\\Desktop\\lokki\\localization-service\\server\\node_modules\\sequelize\\lib\\model.js:417:39)\n    at Function.findAll (C:\\Users\\janna\\OneDrive\\Desktop\\lokki\\localization-service\\server\\node_modules\\sequelize\\lib\\model.js:1103:12)\n    at processTicksAndRejections (internal/process/task_queues.js:95:5)\n    at async C:\\Users\\janna\\OneDrive\\Desktop\\lokki\\localization-service\\server\\routes\\locale_key.routes.js:11:23"}
{"level":"info","message":"Database is connected"}
{"level":"error","message":"include.model.getTableName is not a function include.model.getTableName is not a function","stack":"TypeError: include.model.getTableName is not a function\n    at Function._validateIncludedElement (C:\\Users\\janna\\OneDrive\\Desktop\\lokki\\localization-service\\server\\node_modules\\sequelize\\lib\\model.js:476:30)\n    at C:\\Users\\janna\\OneDrive\\Desktop\\lokki\\localization-service\\server\\node_modules\\sequelize\\lib\\model.js:421:37\n    at Array.map (<anonymous>)\n    at Function._validateIncludedElements (C:\\Users\\janna\\OneDrive\\Desktop\\lokki\\localization-service\\server\\node_modules\\sequelize\\lib\\model.js:417:39)\n    at Function.findAll (C:\\Users\\janna\\OneDrive\\Desktop\\lokki\\localization-service\\server\\node_modules\\sequelize\\lib\\model.js:1103:12)\n    at processTicksAndRejections (internal/process/task_queues.js:95:5)\n    at async C:\\Users\\janna\\OneDrive\\Desktop\\lokki\\localization-service\\server\\routes\\locale_key.routes.js:11:23"}
{"level":"error","message":"include.model.getTableName is not a function include.model.getTableName is not a function","stack":"TypeError: include.model.getTableName is not a function\n    at Function._validateIncludedElement (C:\\Users\\janna\\OneDrive\\Desktop\\lokki\\localization-service\\server\\node_modules\\sequelize\\lib\\model.js:476:30)\n    at C:\\Users\\janna\\OneDrive\\Desktop\\lokki\\localization-service\\server\\node_modules\\sequelize\\lib\\model.js:421:37\n    at Array.map (<anonymous>)\n    at Function._validateIncludedElements (C:\\Users\\janna\\OneDrive\\Desktop\\lokki\\localization-service\\server\\node_modules\\sequelize\\lib\\model.js:417:39)\n    at Function.findAll (C:\\Users\\janna\\OneDrive\\Desktop\\lokki\\localization-service\\server\\node_modules\\sequelize\\lib\\model.js:1103:12)\n    at processTicksAndRejections (internal/process/task_queues.js:95:5)\n    at async C:\\Users\\janna\\OneDrive\\Desktop\\lokki\\localization-service\\server\\routes\\locale_key.routes.js:11:23"}
{"level":"info","message":"Database is connected"}
{"level":"info","message":"Database is connected"}
{"level":"error","message":"include.model.getTableName is not a function include.model.getTableName is not a function","stack":"TypeError: include.model.getTableName is not a function\n    at Function._validateIncludedElement (C:\\Users\\janna\\OneDrive\\Desktop\\lokki\\localization-service\\server\\node_modules\\sequelize\\lib\\model.js:476:30)\n    at C:\\Users\\janna\\OneDrive\\Desktop\\lokki\\localization-service\\server\\node_modules\\sequelize\\lib\\model.js:421:37\n    at Array.map (<anonymous>)\n    at Function._validateIncludedElements (C:\\Users\\janna\\OneDrive\\Desktop\\lokki\\localization-service\\server\\node_modules\\sequelize\\lib\\model.js:417:39)\n    at Function.findAll (C:\\Users\\janna\\OneDrive\\Desktop\\lokki\\localization-service\\server\\node_modules\\sequelize\\lib\\model.js:1103:12)\n    at processTicksAndRejections (internal/process/task_queues.js:95:5)\n    at async C:\\Users\\janna\\OneDrive\\Desktop\\lokki\\localization-service\\server\\routes\\locale_key.routes.js:11:23"}
{"level":"info","message":"Database is connected"}
{"level":"error","message":"include.model.getTableName is not a function include.model.getTableName is not a function","stack":"TypeError: include.model.getTableName is not a function\n    at Function._validateIncludedElement (C:\\Users\\janna\\OneDrive\\Desktop\\lokki\\localization-service\\server\\node_modules\\sequelize\\lib\\model.js:476:30)\n    at C:\\Users\\janna\\OneDrive\\Desktop\\lokki\\localization-service\\server\\node_modules\\sequelize\\lib\\model.js:421:37\n    at Array.map (<anonymous>)\n    at Function._validateIncludedElements (C:\\Users\\janna\\OneDrive\\Desktop\\lokki\\localization-service\\server\\node_modules\\sequelize\\lib\\model.js:417:39)\n    at Function.findAll (C:\\Users\\janna\\OneDrive\\Desktop\\lokki\\localization-service\\server\\node_modules\\sequelize\\lib\\model.js:1103:12)\n    at processTicksAndRejections (internal/process/task_queues.js:95:5)\n    at async C:\\Users\\janna\\OneDrive\\Desktop\\lokki\\localization-service\\server\\routes\\locale_key.routes.js:11:23"}
{"level":"info","message":"Database is connected"}
{"level":"info","message":"Database is connected"}
{"level":"info","message":"Database is connected"}
{"level":"info","message":"Database is connected"}
{"level":"info","message":"Database is connected"}
{"level":"info","message":"Database is connected"}
{"level":"info","message":"Database is connected"}
{"level":"info","message":"Database is connected"}
{"level":"info","message":"Database is connected"}
{"level":"info","message":"Database is connected"}
{"level":"info","message":"Database is connected"}
{"level":"info","message":"Database is connected"}
{"level":"info","message":"Database is connected"}
{"level":"info","message":"Database is connected"}
{"level":"info","message":"Database is connected"}
{"level":"info","message":"Database is connected"}
{"level":"info","message":"Database is connected"}
{"level":"info","message":"Database is connected"}
{"level":"info","message":"Database is connected"}
{"level":"info","message":"Database is connected"}
{"level":"info","message":"Database is connected"}
{"level":"info","message":"Database is connected"}
{"level":"info","message":"Database is connected"}
{"level":"info","message":"Database is connected"}
{"level":"info","message":"Database is connected"}
{"level":"info","message":"Database is connected"}
{"level":"info","message":"Database is connected"}
{"level":"info","message":"Database is connected"}
{"level":"info","message":"Database is connected"}
{"level":"info","message":"Database is connected"}
{"level":"info","message":"Database is connected"}
{"level":"info","message":"Database is connected"}
{"level":"info","message":"Database is connected"}
{"level":"info","message":"Database is connected"}
{"level":"info","message":"Database is connected"}
{"level":"info","message":"Database is connected"}
{"level":"info","message":"Database is connected"}
{"level":"info","message":"Database is connected"}
{"level":"info","message":"Database is connected"}
{"level":"info","message":"Database is connected"}
{"level":"info","message":"Database is connected"}
{"level":"info","message":"Database is connected"}
{"level":"info","message":"Database is connected"}
{"level":"info","message":"Database is connected"}
{"level":"info","message":"Database is connected"}
{"level":"info","message":"Database is connected"}
{"level":"info","message":"Database is connected"}
{"level":"info","message":"Database is connected"}
{"level":"error","message":"local is not defined local is not defined","stack":"ReferenceError: local is not defined\n    at C:\\Users\\janna\\OneDrive\\Desktop\\lokki\\localization-service\\server\\routes\\locale_key.routes.js:41:17\n    at processTicksAndRejections (internal/process/task_queues.js:95:5)"}
{"level":"info","message":"Database is connected"}
{"level":"error","message":"Cannot read property 'locale' of undefined Cannot read property 'locale' of undefined","stack":"TypeError: Cannot read property 'locale' of undefined\n    at C:\\Users\\janna\\OneDrive\\Desktop\\lokki\\localization-service\\server\\routes\\locale_key.routes.js:39:43\n    at processTicksAndRejections (internal/process/task_queues.js:95:5)"}
{"level":"info","message":"Database is connected"}
{"level":"info","message":"Database is connected"}
{"level":"info","message":"Database is connected"}
{"level":"info","message":"Database is connected"}
{"level":"info","message":"Database is connected"}
{"level":"info","message":"Database is connected"}
{"level":"info","message":"Database is connected"}
{"level":"info","message":"Database is connected"}
{"level":"info","message":"Database is connected"}
{"level":"info","message":"Database is connected"}
{"level":"info","message":"Database is connected"}
{"level":"info","message":"Database is connected"}
{"level":"info","message":"Database is connected"}
{"level":"info","message":"Database is connected"}
{"level":"error","message":"val is not defined val is not defined","stack":"ReferenceError: val is not defined\n    at C:\\Users\\janna\\OneDrive\\Desktop\\lokki\\localization-service\\server\\routes\\locale_key.routes.js:64:26\n    at processTicksAndRejections (internal/process/task_queues.js:95:5)"}
{"level":"info","message":"Database is connected"}
{"level":"info","message":"Database is connected"}
{"level":"info","message":"Database is connected"}
{"level":"info","message":"Database is connected"}
{"level":"info","message":"Database is connected"}
{"level":"info","message":"Database is connected"}
{"level":"error","message":"val is not defined val is not defined","stack":"ReferenceError: val is not defined\n    at C:\\Users\\janna\\OneDrive\\Desktop\\lokki\\localization-service\\server\\routes\\locale_key.routes.js:57:26\n    at processTicksAndRejections (internal/process/task_queues.js:95:5)"}
{"level":"info","message":"Database is connected"}
{"level":"info","message":"Database is connected"}
{"level":"info","message":"Database is connected"}
{"level":"info","message":"Database is connected"}
{"level":"info","message":"Database is connected"}
{"level":"info","message":"Database is connected"}
{"level":"info","message":"Database is connected"}
{"level":"info","message":"Database is connected"}
{"level":"info","message":"Database is connected"}
{"level":"info","message":"Database is connected"}
{"level":"info","message":"Database is connected"}
{"level":"info","message":"Database is connected"}
{"level":"info","message":"Database is connected"}
{"level":"info","message":"Database is connected"}
{"level":"info","message":"Database is connected"}
{"level":"info","message":"Database is connected"}
{"level":"info","message":"Database is connected"}
{"level":"info","message":"Database is connected"}
{"level":"info","message":"Database is connected"}
{"level":"info","message":"Database is connected"}
{"level":"info","message":"Database is connected"}
{"level":"error","message":"val is not defined val is not defined","stack":"ReferenceError: val is not defined\n    at C:\\Users\\janna\\OneDrive\\Desktop\\lokki\\localization-service\\server\\routes\\locale_key.routes.js:54:58\n    at processTicksAndRejections (internal/process/task_queues.js:95:5)"}
{"level":"info","message":"Database is connected"}
{"level":"info","message":"Database is connected"}
{"level":"info","message":"Database is connected"}
{"level":"info","message":"Database is connected"}
{"level":"info","message":"Database is connected"}
{"level":"info","message":"Database is connected"}
{"level":"info","message":"Database is connected"}
{"level":"info","message":"Database is connected"}
{"level":"info","message":"Database is connected"}
{"level":"info","message":"Database is connected"}
{"level":"info","message":"Database is connected"}
{"level":"info","message":"Database is connected"}
{"level":"info","message":"Database is connected"}
{"level":"info","message":"Database is connected"}
{"level":"info","message":"Database is connected"}
{"level":"info","message":"Database is connected"}
{"level":"info","message":"Database is connected"}
{"level":"info","message":"Database is connected"}
{"level":"info","message":"Database is connected"}
{"level":"info","message":"Database is connected"}
{"level":"info","message":"Database is connected"}
{"level":"info","message":"Database is connected"}
{"level":"info","message":"Database is connected"}
{"level":"info","message":"Database is connected"}
{"level":"info","message":"Database is connected"}
{"level":"info","message":"Database is connected"}
{"level":"info","message":"Database is connected"}
{"level":"info","message":"Database is connected"}
{"level":"info","message":"Database is connected"}
{"level":"info","message":"Database is connected"}
{"level":"info","message":"Database is connected"}
{"level":"info","message":"Database is connected"}
{"level":"info","message":"Database is connected"}
{"level":"info","message":"Database is connected"}
{"level":"info","message":"Database is connected"}
{"level":"info","message":"Database is connected"}
{"level":"info","message":"Database is connected"}
{"level":"info","message":"Database is connected"}
{"level":"info","message":"Database is connected"}
{"level":"info","message":"Database is connected"}
{"level":"info","message":"Database is connected"}
{"level":"info","message":"Database is connected"}
{"level":"info","message":"Database is connected"}
{"level":"info","message":"Database is connected"}
{"level":"info","message":"Database is connected"}
{"level":"info","message":"Database is connected"}
{"level":"info","message":"Database is connected"}
{"level":"info","message":"Database is connected"}
{"level":"info","message":"Database is connected"}
{"level":"info","message":"Database is connected"}
{"level":"info","message":"Database is connected"}
{"level":"info","message":"Database is connected"}
{"level":"info","message":"Database is connected"}
{"level":"info","message":"Database is connected"}
{"level":"info","message":"Database is connected"}
{"level":"info","message":"Database is connected"}
{"level":"info","message":"Database is connected"}
{"level":"info","message":"Database is connected"}
{"level":"info","message":"Database is connected"}
{"level":"info","message":"Database is connected"}
{"level":"info","message":"Database is connected"}
{"level":"info","message":"Database is connected"}
{"level":"error","message":"org is not defined org is not defined","stack":"ReferenceError: org is not defined\n    at C:\\Users\\janna\\OneDrive\\Desktop\\lokki\\localization-service\\server\\routes\\locale_key.routes.js:43:30\n    at processTicksAndRejections (internal/process/task_queues.js:95:5)"}
{"level":"info","message":"Database is connected"}
{"level":"info","message":"Database is connected"}
{"level":"info","message":"Database is connected"}
{"level":"info","message":"Database is connected"}
{"level":"error","message":"Assignment to constant variable. Assignment to constant variable.","stack":"TypeError: Assignment to constant variable.\n    at C:\\Users\\janna\\OneDrive\\Desktop\\lokki\\localization-service\\server\\routes\\locale_key.routes.js:44:28\n    at processTicksAndRejections (internal/process/task_queues.js:95:5)"}
{"level":"info","message":"Database is connected"}
{"level":"info","message":"Database is connected"}
{"level":"info","message":"Database is connected"}
{"level":"info","message":"Database is connected"}
{"level":"info","message":"Database is connected"}
{"level":"info","message":"Database is connected"}
{"level":"info","message":"Database is connected"}
{"level":"info","message":"Database is connected"}
{"level":"info","message":"Database is connected"}
{"level":"error","message":"Cannot read property 'locale' of undefined Cannot read property 'locale' of undefined","stack":"TypeError: Cannot read property 'locale' of undefined\n    at C:\\Users\\janna\\OneDrive\\Desktop\\lokki\\localization-service\\server\\routes\\locale_key.routes.js:51:11\n    at Array.filter (<anonymous>)\n    at C:\\Users\\janna\\OneDrive\\Desktop\\lokki\\localization-service\\server\\routes\\locale_key.routes.js:47:25\n    at processTicksAndRejections (internal/process/task_queues.js:95:5)"}
{"level":"error","message":"Cannot read property 'locale' of undefined Cannot read property 'locale' of undefined","stack":"TypeError: Cannot read property 'locale' of undefined\n    at C:\\Users\\janna\\OneDrive\\Desktop\\lokki\\localization-service\\server\\routes\\locale_key.routes.js:51:11\n    at Array.filter (<anonymous>)\n    at C:\\Users\\janna\\OneDrive\\Desktop\\lokki\\localization-service\\server\\routes\\locale_key.routes.js:47:25\n    at processTicksAndRejections (internal/process/task_queues.js:95:5)"}
{"level":"info","message":"Database is connected"}
{"level":"info","message":"Database is connected"}
{"level":"info","message":"Database is connected"}
{"level":"info","message":"Database is connected"}
{"level":"info","message":"Database is connected"}
{"level":"info","message":"Database is connected"}
{"level":"info","message":"Database is connected"}
{"level":"error","message":"Cannot read property 'locale' of undefined Cannot read property 'locale' of undefined","stack":"TypeError: Cannot read property 'locale' of undefined\n    at C:\\Users\\janna\\OneDrive\\Desktop\\lokki\\localization-service\\server\\routes\\locale_key.routes.js:52:11\n    at Array.filter (<anonymous>)\n    at C:\\Users\\janna\\OneDrive\\Desktop\\lokki\\localization-service\\server\\routes\\locale_key.routes.js:48:31\n    at processTicksAndRejections (internal/process/task_queues.js:95:5)"}
{"level":"info","message":"Database is connected"}
{"level":"info","message":"Database is connected"}
{"level":"info","message":"Database is connected"}
{"level":"info","message":"Database is connected"}
{"level":"info","message":"Database is connected"}
{"level":"info","message":"Database is connected"}
{"level":"info","message":"Database is connected"}
{"level":"info","message":"Database is connected"}
{"level":"info","message":"Database is connected"}
{"level":"info","message":"Database is connected"}
{"level":"info","message":"Database is connected"}
{"level":"info","message":"Database is connected"}
{"level":"info","message":"Database is connected"}
{"level":"info","message":"Database is connected"}
{"level":"info","message":"Database is connected"}
{"level":"error","message":"Cannot read property 'locale' of undefined Cannot read property 'locale' of undefined","stack":"TypeError: Cannot read property 'locale' of undefined\n    at C:\\Users\\janna\\OneDrive\\Desktop\\lokki\\localization-service\\server\\routes\\locale_key.routes.js:53:74\n    at Array.filter (<anonymous>)\n    at C:\\Users\\janna\\OneDrive\\Desktop\\lokki\\localization-service\\server\\routes\\locale_key.routes.js:50:23\n    at processTicksAndRejections (internal/process/task_queues.js:95:5)"}
{"level":"info","message":"Database is connected"}
{"level":"info","message":"Database is connected"}
{"level":"info","message":"Database is connected"}
{"code":"ERR_HTTP_INVALID_STATUS_CODE","level":"error","message":"Invalid status code: [ [Array] ] Invalid status code: [ [Array] ]","stack":"RangeError [ERR_HTTP_INVALID_STATUS_CODE]: Invalid status code: [ [Array] ]\n    at ServerResponse.writeHead (_http_server.js:259:11)\n    at ServerResponse.writeHead (C:\\Users\\janna\\OneDrive\\Desktop\\lokki\\localization-service\\server\\node_modules\\on-headers\\index.js:44:26)\n    at ServerResponse._implicitHeader (_http_server.js:250:8)\n    at write_ (_http_outgoing.js:711:9)\n    at ServerResponse.end (_http_outgoing.js:825:5)\n    at ServerResponse.send (C:\\Users\\janna\\OneDrive\\Desktop\\lokki\\localization-service\\server\\node_modules\\express\\lib\\response.js:221:10)\n    at ServerResponse.json (C:\\Users\\janna\\OneDrive\\Desktop\\lokki\\localization-service\\server\\node_modules\\express\\lib\\response.js:267:15)\n    at ServerResponse.send (C:\\Users\\janna\\OneDrive\\Desktop\\lokki\\localization-service\\server\\node_modules\\express\\lib\\response.js:158:21)\n    at C:\\Users\\janna\\OneDrive\\Desktop\\lokki\\localization-service\\server\\routes\\locale_key.routes.js:94:26\n    at processTicksAndRejections (internal/process/task_queues.js:95:5)"}
{"level":"info","message":"Database is connected"}
{"level":"info","message":"Database is connected"}
{"level":"info","message":"Database is connected"}
{"level":"info","message":"Database is connected"}
{"level":"info","message":"Database is connected"}
{"level":"error","message":"modifiedLocalization is not defined modifiedLocalization is not defined","stack":"ReferenceError: modifiedLocalization is not defined\n    at C:\\Users\\janna\\OneDrive\\Desktop\\lokki\\localization-service\\server\\routes\\locale_key.routes.js:97:31\n    at processTicksAndRejections (internal/process/task_queues.js:95:5)"}
{"level":"info","message":"Database is connected"}
{"level":"info","message":"Database is connected"}
{"level":"info","message":"Database is connected"}
{"level":"info","message":"Database is connected"}
{"level":"info","message":"Database is connected"}
{"level":"info","message":"Database is connected"}
{"level":"info","message":"Database is connected"}
{"level":"info","message":"Database is connected"}
{"level":"info","message":"Database is connected"}
{"level":"info","message":"Database is connected"}
{"level":"info","message":"Database is connected"}
{"level":"info","message":"Database is connected"}
{"level":"info","message":"Database is connected"}
{"level":"info","message":"Database is connected"}
{"level":"error","message":"modifiedLocalization is not defined modifiedLocalization is not defined","stack":"ReferenceError: modifiedLocalization is not defined\n    at C:\\Users\\janna\\OneDrive\\Desktop\\lokki\\localization-service\\server\\routes\\locale_key.routes.js:98:31\n    at processTicksAndRejections (internal/process/task_queues.js:95:5)"}
{"level":"info","message":"Database is connected"}
{"level":"info","message":"Database is connected"}
{"level":"info","message":"Database is connected"}
{"level":"error","message":"Cannot read property 'locale' of undefined Cannot read property 'locale' of undefined","stack":"TypeError: Cannot read property 'locale' of undefined\n    at C:\\Users\\janna\\OneDrive\\Desktop\\lokki\\localization-service\\server\\routes\\locale_key.routes.js:97:73\n    at Array.filter (<anonymous>)\n    at C:\\Users\\janna\\OneDrive\\Desktop\\lokki\\localization-service\\server\\routes\\locale_key.routes.js:94:57\n    at processTicksAndRejections (internal/process/task_queues.js:95:5)"}
{"level":"info","message":"Database is connected"}
{"level":"info","message":"Database is connected"}
{"level":"info","message":"Database is connected"}
{"level":"info","message":"Database is connected"}
{"level":"info","message":"Database is connected"}
{"level":"info","message":"Database is connected"}
{"level":"info","message":"Database is connected"}
{"level":"info","message":"Database is connected"}
{"level":"info","message":"Database is connected"}
{"level":"info","message":"Database is connected"}
{"level":"info","message":"Database is connected"}
{"level":"info","message":"Database is connected"}
{"level":"info","message":"Database is connected"}
{"level":"info","message":"Database is connected"}
{"level":"info","message":"Database is connected"}
{"level":"error","message":"combinedLocalizations is not defined combinedLocalizations is not defined","stack":"ReferenceError: combinedLocalizations is not defined\n    at C:\\Users\\janna\\OneDrive\\Desktop\\lokki\\localization-service\\server\\routes\\locale_key.routes.js:141:27\n    at processTicksAndRejections (internal/process/task_queues.js:95:5)"}
{"level":"info","message":"Database is connected"}
{"level":"info","message":"Database is connected"}
{"level":"info","message":"Database is connected"}
{"level":"info","message":"Database is connected"}
{"level":"info","message":"Database is connected"}
{"level":"info","message":"Database is connected"}
{"level":"info","message":"Database is connected"}
{"level":"info","message":"Database is connected"}
{"level":"info","message":"Database is connected"}
{"level":"info","message":"Database is connected"}
{"level":"info","message":"Database is connected"}
{"level":"info","message":"Database is connected"}
{"level":"info","message":"Database is connected"}
{"level":"info","message":"Database is connected"}
{"level":"info","message":"Database is connected"}
{"level":"info","message":"Database is connected"}
{"level":"info","message":"Database is connected"}
{"level":"info","message":"Database is connected"}
{"level":"info","message":"Database is connected"}
{"level":"info","message":"Database is connected"}
{"level":"info","message":"Database is connected"}
{"level":"info","message":"Database is connected"}
{"level":"info","message":"Database is connected"}
{"level":"info","message":"Database is connected"}
{"level":"info","message":"Database is connected"}
{"level":"info","message":"Database is connected"}
{"level":"info","message":"Database is connected"}
{"level":"info","message":"Database is connected"}
{"level":"info","message":"Database is connected"}
{"level":"info","message":"Database is connected"}
{"level":"info","message":"Database is connected"}
{"level":"info","message":"Database is connected"}
{"level":"info","message":"Database is connected"}
{"level":"info","message":"Database is connected"}
{"level":"info","message":"Database is connected"}
{"level":"info","message":"Database is connected"}
{"level":"info","message":"Database is connected"}
{"level":"info","message":"Database is connected"}
{"level":"info","message":"Database is connected"}
{"level":"info","message":"Database is connected"}
{"level":"error","message":"Cannot read property 'id' of undefined Cannot read property 'id' of undefined","stack":"TypeError: Cannot read property 'id' of undefined\n    at C:\\Users\\janna\\OneDrive\\Desktop\\lokki\\localization-service\\server\\routes\\locale_key.routes.js:104:57\n    at Array.filter (<anonymous>)\n    at C:\\Users\\janna\\OneDrive\\Desktop\\lokki\\localization-service\\server\\routes\\locale_key.routes.js:103:41\n    at processTicksAndRejections (internal/process/task_queues.js:95:5)"}
{"level":"info","message":"Database is connected"}
{"level":"info","message":"Database is connected"}
{"level":"info","message":"Database is connected"}
{"level":"error","message":"Cannot read property 'id' of undefined Cannot read property 'id' of undefined","stack":"TypeError: Cannot read property 'id' of undefined\n    at C:\\Users\\janna\\OneDrive\\Desktop\\lokki\\localization-service\\server\\routes\\locale_key.routes.js:105:56\n    at Array.filter (<anonymous>)\n    at C:\\Users\\janna\\OneDrive\\Desktop\\lokki\\localization-service\\server\\routes\\locale_key.routes.js:103:41\n    at processTicksAndRejections (internal/process/task_queues.js:95:5)"}
{"level":"info","message":"Database is connected"}
{"level":"info","message":"Database is connected"}
{"level":"error","message":"Cannot read property 'id' of undefined Cannot read property 'id' of undefined","stack":"TypeError: Cannot read property 'id' of undefined\n    at C:\\Users\\janna\\OneDrive\\Desktop\\lokki\\localization-service\\server\\routes\\locale_key.routes.js:105:56\n    at Array.filter (<anonymous>)\n    at C:\\Users\\janna\\OneDrive\\Desktop\\lokki\\localization-service\\server\\routes\\locale_key.routes.js:103:41\n    at processTicksAndRejections (internal/process/task_queues.js:95:5)"}
{"level":"info","message":"Database is connected"}
{"level":"info","message":"Database is connected"}
{"level":"info","message":"Database is connected"}
{"level":"info","message":"Database is connected"}
{"level":"error","message":"Cannot read property 'id' of undefined Cannot read property 'id' of undefined","stack":"TypeError: Cannot read property 'id' of undefined\n    at C:\\Users\\janna\\OneDrive\\Desktop\\lokki\\localization-service\\server\\routes\\locale_key.routes.js:105:63\n    at Array.filter (<anonymous>)\n    at C:\\Users\\janna\\OneDrive\\Desktop\\lokki\\localization-service\\server\\routes\\locale_key.routes.js:103:41\n    at processTicksAndRejections (internal/process/task_queues.js:95:5)"}
{"level":"info","message":"Database is connected"}
{"level":"info","message":"Database is connected"}
{"level":"error","message":"Cannot read property 'id' of undefined Cannot read property 'id' of undefined","stack":"TypeError: Cannot read property 'id' of undefined\n    at C:\\Users\\janna\\OneDrive\\Desktop\\lokki\\localization-service\\server\\routes\\locale_key.routes.js:105:63\n    at Array.filter (<anonymous>)\n    at C:\\Users\\janna\\OneDrive\\Desktop\\lokki\\localization-service\\server\\routes\\locale_key.routes.js:103:41\n    at processTicksAndRejections (internal/process/task_queues.js:95:5)"}
{"level":"info","message":"Database is connected"}
{"level":"error","message":"Cannot read property 'id' of undefined Cannot read property 'id' of undefined","stack":"TypeError: Cannot read property 'id' of undefined\n    at C:\\Users\\janna\\OneDrive\\Desktop\\lokki\\localization-service\\server\\routes\\locale_key.routes.js:105:63\n    at Array.filter (<anonymous>)\n    at C:\\Users\\janna\\OneDrive\\Desktop\\lokki\\localization-service\\server\\routes\\locale_key.routes.js:103:41\n    at processTicksAndRejections (internal/process/task_queues.js:95:5)"}
{"level":"info","message":"Database is connected"}
{"level":"error","message":"Cannot read property 'id' of undefined Cannot read property 'id' of undefined","stack":"TypeError: Cannot read property 'id' of undefined\n    at C:\\Users\\janna\\OneDrive\\Desktop\\lokki\\localization-service\\server\\routes\\locale_key.routes.js:104:60\n    at Array.filter (<anonymous>)\n    at C:\\Users\\janna\\OneDrive\\Desktop\\lokki\\localization-service\\server\\routes\\locale_key.routes.js:103:41\n    at processTicksAndRejections (internal/process/task_queues.js:95:5)"}
{"level":"error","message":"Cannot read property 'id' of undefined Cannot read property 'id' of undefined","stack":"TypeError: Cannot read property 'id' of undefined\n    at C:\\Users\\janna\\OneDrive\\Desktop\\lokki\\localization-service\\server\\routes\\locale_key.routes.js:104:60\n    at Array.filter (<anonymous>)\n    at C:\\Users\\janna\\OneDrive\\Desktop\\lokki\\localization-service\\server\\routes\\locale_key.routes.js:103:41\n    at processTicksAndRejections (internal/process/task_queues.js:95:5)"}
{"level":"info","message":"Database is connected"}
{"level":"error","message":"Cannot read property 'id' of undefined Cannot read property 'id' of undefined","stack":"TypeError: Cannot read property 'id' of undefined\n    at C:\\Users\\janna\\OneDrive\\Desktop\\lokki\\localization-service\\server\\routes\\locale_key.routes.js:104:59\n    at Array.filter (<anonymous>)\n    at C:\\Users\\janna\\OneDrive\\Desktop\\lokki\\localization-service\\server\\routes\\locale_key.routes.js:103:41\n    at processTicksAndRejections (internal/process/task_queues.js:95:5)"}
{"level":"info","message":"Database is connected"}
{"level":"error","message":"Cannot read property 'id' of undefined Cannot read property 'id' of undefined","stack":"TypeError: Cannot read property 'id' of undefined\n    at C:\\Users\\janna\\OneDrive\\Desktop\\lokki\\localization-service\\server\\routes\\locale_key.routes.js:104:59\n    at Array.filter (<anonymous>)\n    at C:\\Users\\janna\\OneDrive\\Desktop\\lokki\\localization-service\\server\\routes\\locale_key.routes.js:103:41\n    at processTicksAndRejections (internal/process/task_queues.js:95:5)"}
{"level":"info","message":"Database is connected"}
{"level":"info","message":"Database is connected"}
{"level":"error","message":"Cannot read property 'id' of undefined Cannot read property 'id' of undefined","stack":"TypeError: Cannot read property 'id' of undefined\n    at C:\\Users\\janna\\OneDrive\\Desktop\\lokki\\localization-service\\server\\routes\\locale_key.routes.js:104:59\n    at Array.filter (<anonymous>)\n    at C:\\Users\\janna\\OneDrive\\Desktop\\lokki\\localization-service\\server\\routes\\locale_key.routes.js:103:41\n    at processTicksAndRejections (internal/process/task_queues.js:95:5)"}
{"level":"info","message":"Database is connected"}
{"level":"info","message":"Database is connected"}
{"level":"info","message":"Database is connected"}
{"level":"info","message":"Database is connected"}
{"level":"info","message":"Database is connected"}
{"level":"info","message":"Database is connected"}
{"level":"info","message":"Database is connected"}
{"level":"info","message":"Database is connected"}
{"level":"info","message":"Database is connected"}
{"level":"info","message":"Database is connected"}
{"level":"info","message":"Database is connected"}
{"level":"info","message":"Database is connected"}
{"level":"info","message":"Database is connected"}
{"level":"info","message":"Database is connected"}
{"level":"info","message":"Database is connected"}
{"level":"info","message":"Database is connected"}
{"level":"info","message":"Database is connected"}
{"level":"info","message":"Database is connected"}
{"level":"info","message":"Database is connected"}
{"level":"info","message":"Database is connected"}
{"level":"info","message":"Database is connected"}
{"level":"info","message":"Database is connected"}
{"level":"info","message":"Database is connected"}
{"level":"info","message":"Database is connected"}
{"level":"info","message":"Database is connected"}
{"level":"info","message":"Database is connected"}
{"level":"info","message":"Database is connected"}
{"level":"info","message":"Database is connected"}
{"level":"info","message":"Database is connected"}
{"level":"info","message":"Database is connected"}
{"level":"info","message":"Database is connected"}
{"level":"info","message":"Database is connected"}
{"level":"info","message":"Database is connected"}
{"level":"error","message":"obj is not defined obj is not defined","stack":"ReferenceError: obj is not defined\n    at C:\\Users\\janna\\OneDrive\\Desktop\\lokki\\localization-service\\server\\routes\\locale_key.routes.js:94:24\n    at processTicksAndRejections (internal/process/task_queues.js:95:5)"}
{"level":"info","message":"Database is connected"}
{"level":"error","message":"arr is not defined arr is not defined","stack":"ReferenceError: arr is not defined\n    at C:\\Users\\janna\\OneDrive\\Desktop\\lokki\\localization-service\\server\\routes\\locale_key.routes.js:96:31\n    at processTicksAndRejections (internal/process/task_queues.js:95:5)"}
{"level":"info","message":"Database is connected"}
{"level":"info","message":"Database is connected"}
{"level":"info","message":"Database is connected"}
{"level":"info","message":"Database is connected"}
{"level":"info","message":"Database is connected"}
{"level":"info","message":"Database is connected"}
{"level":"info","message":"Database is connected"}
{"level":"info","message":"Database is connected"}
{"level":"info","message":"Database is connected"}
{"level":"info","message":"Database is connected"}
{"level":"info","message":"Database is connected"}
{"level":"info","message":"Database is connected"}
{"level":"error","message":"Assignment to constant variable. Assignment to constant variable.","stack":"TypeError: Assignment to constant variable.\n    at C:\\Users\\janna\\OneDrive\\Desktop\\lokki\\localization-service\\server\\routes\\locale_key.routes.js:48:25\n    at processTicksAndRejections (internal/process/task_queues.js:95:5)"}
{"level":"info","message":"Database is connected"}
{"level":"error","message":"Assignment to constant variable. Assignment to constant variable.","stack":"TypeError: Assignment to constant variable.\n    at C:\\Users\\janna\\OneDrive\\Desktop\\lokki\\localization-service\\server\\routes\\locale_key.routes.js:48:25\n    at processTicksAndRejections (internal/process/task_queues.js:95:5)"}
{"level":"info","message":"Database is connected"}
{"level":"info","message":"Database is connected"}
{"level":"info","message":"Database is connected"}
